<?xml version="1.0" encoding="UTF-8"?>
<!-- Generated by org.testng.reporters.JUnitReportReporter -->
<testsuite hostname="Jaladhar" failures="0" tests="1" name="com.assignment.Testcases.Assignment" time="51.258" errors="0" timestamp="2021-04-22T12:12:39 IST" skipped="0">
  <testcase classname="com.assignment.Testcases.Assignment" name="managerLogin" time="51.258"/>
  <system-out/>
</testsuite> <!-- com.assignment.Testcases.Assignment -->
