<?xml version="1.0" encoding="UTF-8"?>
<!-- Generated by org.testng.reporters.JUnitReportReporter -->
<testsuite hostname="Jaladhar" failures="0" tests="1" name="com.assignment.Testcases.BankManagerLogin" time="10.657" errors="0" timestamp="2021-04-22T08:02:38 IST" skipped="0">
  <testcase classname="com.assignment.Testcases.BankManagerLogin" name="managerLogin" time="10.657"/>
  <system-out/>
</testsuite> <!-- com.assignment.Testcases.BankManagerLogin -->
